                                      1 ;--------------------------------------------------------
                                      2 ; File Created by SDCC : free open source ANSI-C Compiler
                                      3 ; Version 4.1.6 #12439 (Linux)
                                      4 ;--------------------------------------------------------
                                      5 	.module smile_sprite
                                      6 	.optsdcc -mgbz80
                                      7 	
                                      8 ;--------------------------------------------------------
                                      9 ; Public variables in this module
                                     10 ;--------------------------------------------------------
                                     11 	.globl _smileSprite
                                     12 ;--------------------------------------------------------
                                     13 ; special function registers
                                     14 ;--------------------------------------------------------
                                     15 ;--------------------------------------------------------
                                     16 ; ram data
                                     17 ;--------------------------------------------------------
                                     18 	.area _DATA
                                     19 ;--------------------------------------------------------
                                     20 ; ram data
                                     21 ;--------------------------------------------------------
                                     22 	.area _INITIALIZED
      000000                         23 _smileSprite::
      000000                         24 	.ds 256
                                     25 ;--------------------------------------------------------
                                     26 ; absolute external ram data
                                     27 ;--------------------------------------------------------
                                     28 	.area _DABS (ABS)
                                     29 ;--------------------------------------------------------
                                     30 ; global & static initialisations
                                     31 ;--------------------------------------------------------
                                     32 	.area _HOME
                                     33 	.area _GSINIT
                                     34 	.area _GSFINAL
                                     35 	.area _GSINIT
                                     36 ;--------------------------------------------------------
                                     37 ; Home
                                     38 ;--------------------------------------------------------
                                     39 	.area _HOME
                                     40 	.area _HOME
                                     41 ;--------------------------------------------------------
                                     42 ; code
                                     43 ;--------------------------------------------------------
                                     44 	.area _CODE
                                     45 	.area _CODE
                                     46 	.area _INITIALIZER
      000000                         47 __xinit__smileSprite:
      000000 FF                      48 	.db #0xff	; 255
      000001 FF                      49 	.db #0xff	; 255
      000002 FF                      50 	.db #0xff	; 255
      000003 80                      51 	.db #0x80	; 128
      000004 FF                      52 	.db #0xff	; 255
      000005 80                      53 	.db #0x80	; 128
      000006 FF                      54 	.db #0xff	; 255
      000007 80                      55 	.db #0x80	; 128
      000008 FF                      56 	.db #0xff	; 255
      000009 80                      57 	.db #0x80	; 128
      00000A FF                      58 	.db #0xff	; 255
      00000B 80                      59 	.db #0x80	; 128
      00000C FF                      60 	.db #0xff	; 255
      00000D 80                      61 	.db #0x80	; 128
      00000E FF                      62 	.db #0xff	; 255
      00000F 9F                      63 	.db #0x9f	; 159
      000010 FF                      64 	.db #0xff	; 255
      000011 9F                      65 	.db #0x9f	; 159
      000012 FF                      66 	.db #0xff	; 255
      000013 80                      67 	.db #0x80	; 128
      000014 FF                      68 	.db #0xff	; 255
      000015 80                      69 	.db #0x80	; 128
      000016 FF                      70 	.db #0xff	; 255
      000017 80                      71 	.db #0x80	; 128
      000018 FF                      72 	.db #0xff	; 255
      000019 80                      73 	.db #0x80	; 128
      00001A FF                      74 	.db #0xff	; 255
      00001B 80                      75 	.db #0x80	; 128
      00001C FF                      76 	.db #0xff	; 255
      00001D 80                      77 	.db #0x80	; 128
      00001E FF                      78 	.db #0xff	; 255
      00001F FF                      79 	.db #0xff	; 255
      000020 FF                      80 	.db #0xff	; 255
      000021 FF                      81 	.db #0xff	; 255
      000022 FF                      82 	.db #0xff	; 255
      000023 01                      83 	.db #0x01	; 1
      000024 FF                      84 	.db #0xff	; 255
      000025 01                      85 	.db #0x01	; 1
      000026 FF                      86 	.db #0xff	; 255
      000027 01                      87 	.db #0x01	; 1
      000028 FF                      88 	.db #0xff	; 255
      000029 41                      89 	.db #0x41	; 65	'A'
      00002A FF                      90 	.db #0xff	; 255
      00002B 61                      91 	.db #0x61	; 97	'a'
      00002C FF                      92 	.db #0xff	; 255
      00002D 71                      93 	.db #0x71	; 113	'q'
      00002E FF                      94 	.db #0xff	; 255
      00002F F9                      95 	.db #0xf9	; 249
      000030 FF                      96 	.db #0xff	; 255
      000031 F9                      97 	.db #0xf9	; 249
      000032 FF                      98 	.db #0xff	; 255
      000033 71                      99 	.db #0x71	; 113	'q'
      000034 FF                     100 	.db #0xff	; 255
      000035 61                     101 	.db #0x61	; 97	'a'
      000036 FF                     102 	.db #0xff	; 255
      000037 41                     103 	.db #0x41	; 65	'A'
      000038 FF                     104 	.db #0xff	; 255
      000039 01                     105 	.db #0x01	; 1
      00003A FF                     106 	.db #0xff	; 255
      00003B 01                     107 	.db #0x01	; 1
      00003C FF                     108 	.db #0xff	; 255
      00003D 01                     109 	.db #0x01	; 1
      00003E FF                     110 	.db #0xff	; 255
      00003F FF                     111 	.db #0xff	; 255
      000040 FF                     112 	.db #0xff	; 255
      000041 FF                     113 	.db #0xff	; 255
      000042 80                     114 	.db #0x80	; 128
      000043 FF                     115 	.db #0xff	; 255
      000044 80                     116 	.db #0x80	; 128
      000045 FF                     117 	.db #0xff	; 255
      000046 80                     118 	.db #0x80	; 128
      000047 FF                     119 	.db #0xff	; 255
      000048 82                     120 	.db #0x82	; 130
      000049 FD                     121 	.db #0xfd	; 253
      00004A 86                     122 	.db #0x86	; 134
      00004B F9                     123 	.db #0xf9	; 249
      00004C 8E                     124 	.db #0x8e	; 142
      00004D F1                     125 	.db #0xf1	; 241
      00004E 9F                     126 	.db #0x9f	; 159
      00004F E0                     127 	.db #0xe0	; 224
      000050 9F                     128 	.db #0x9f	; 159
      000051 E0                     129 	.db #0xe0	; 224
      000052 8E                     130 	.db #0x8e	; 142
      000053 F1                     131 	.db #0xf1	; 241
      000054 86                     132 	.db #0x86	; 134
      000055 F9                     133 	.db #0xf9	; 249
      000056 82                     134 	.db #0x82	; 130
      000057 FD                     135 	.db #0xfd	; 253
      000058 80                     136 	.db #0x80	; 128
      000059 FF                     137 	.db #0xff	; 255
      00005A 80                     138 	.db #0x80	; 128
      00005B FF                     139 	.db #0xff	; 255
      00005C 80                     140 	.db #0x80	; 128
      00005D FF                     141 	.db #0xff	; 255
      00005E FF                     142 	.db #0xff	; 255
      00005F FF                     143 	.db #0xff	; 255
      000060 FF                     144 	.db #0xff	; 255
      000061 FF                     145 	.db #0xff	; 255
      000062 01                     146 	.db #0x01	; 1
      000063 FF                     147 	.db #0xff	; 255
      000064 01                     148 	.db #0x01	; 1
      000065 FF                     149 	.db #0xff	; 255
      000066 01                     150 	.db #0x01	; 1
      000067 FF                     151 	.db #0xff	; 255
      000068 01                     152 	.db #0x01	; 1
      000069 FF                     153 	.db #0xff	; 255
      00006A 01                     154 	.db #0x01	; 1
      00006B FF                     155 	.db #0xff	; 255
      00006C 01                     156 	.db #0x01	; 1
      00006D FF                     157 	.db #0xff	; 255
      00006E F9                     158 	.db #0xf9	; 249
      00006F 07                     159 	.db #0x07	; 7
      000070 F9                     160 	.db #0xf9	; 249
      000071 07                     161 	.db #0x07	; 7
      000072 01                     162 	.db #0x01	; 1
      000073 FF                     163 	.db #0xff	; 255
      000074 01                     164 	.db #0x01	; 1
      000075 FF                     165 	.db #0xff	; 255
      000076 01                     166 	.db #0x01	; 1
      000077 FF                     167 	.db #0xff	; 255
      000078 01                     168 	.db #0x01	; 1
      000079 FF                     169 	.db #0xff	; 255
      00007A 01                     170 	.db #0x01	; 1
      00007B FF                     171 	.db #0xff	; 255
      00007C 01                     172 	.db #0x01	; 1
      00007D FF                     173 	.db #0xff	; 255
      00007E FF                     174 	.db #0xff	; 255
      00007F FF                     175 	.db #0xff	; 255
      000080 FF                     176 	.db #0xff	; 255
      000081 FF                     177 	.db #0xff	; 255
      000082 80                     178 	.db #0x80	; 128
      000083 80                     179 	.db #0x80	; 128
      000084 80                     180 	.db #0x80	; 128
      000085 80                     181 	.db #0x80	; 128
      000086 81                     182 	.db #0x81	; 129
      000087 81                     183 	.db #0x81	; 129
      000088 83                     184 	.db #0x83	; 131
      000089 83                     185 	.db #0x83	; 131
      00008A 87                     186 	.db #0x87	; 135
      00008B 87                     187 	.db #0x87	; 135
      00008C 8F                     188 	.db #0x8f	; 143
      00008D 8F                     189 	.db #0x8f	; 143
      00008E 81                     190 	.db #0x81	; 129
      00008F 81                     191 	.db #0x81	; 129
      000090 81                     192 	.db #0x81	; 129
      000091 81                     193 	.db #0x81	; 129
      000092 81                     194 	.db #0x81	; 129
      000093 81                     195 	.db #0x81	; 129
      000094 81                     196 	.db #0x81	; 129
      000095 81                     197 	.db #0x81	; 129
      000096 81                     198 	.db #0x81	; 129
      000097 81                     199 	.db #0x81	; 129
      000098 81                     200 	.db #0x81	; 129
      000099 81                     201 	.db #0x81	; 129
      00009A 80                     202 	.db #0x80	; 128
      00009B 80                     203 	.db #0x80	; 128
      00009C 80                     204 	.db #0x80	; 128
      00009D 80                     205 	.db #0x80	; 128
      00009E FF                     206 	.db #0xff	; 255
      00009F FF                     207 	.db #0xff	; 255
      0000A0 FF                     208 	.db #0xff	; 255
      0000A1 FF                     209 	.db #0xff	; 255
      0000A2 01                     210 	.db #0x01	; 1
      0000A3 01                     211 	.db #0x01	; 1
      0000A4 01                     212 	.db #0x01	; 1
      0000A5 01                     213 	.db #0x01	; 1
      0000A6 81                     214 	.db #0x81	; 129
      0000A7 81                     215 	.db #0x81	; 129
      0000A8 C1                     216 	.db #0xc1	; 193
      0000A9 C1                     217 	.db #0xc1	; 193
      0000AA E1                     218 	.db #0xe1	; 225
      0000AB E1                     219 	.db #0xe1	; 225
      0000AC F1                     220 	.db #0xf1	; 241
      0000AD F1                     221 	.db #0xf1	; 241
      0000AE 81                     222 	.db #0x81	; 129
      0000AF 81                     223 	.db #0x81	; 129
      0000B0 81                     224 	.db #0x81	; 129
      0000B1 81                     225 	.db #0x81	; 129
      0000B2 81                     226 	.db #0x81	; 129
      0000B3 81                     227 	.db #0x81	; 129
      0000B4 81                     228 	.db #0x81	; 129
      0000B5 81                     229 	.db #0x81	; 129
      0000B6 81                     230 	.db #0x81	; 129
      0000B7 81                     231 	.db #0x81	; 129
      0000B8 81                     232 	.db #0x81	; 129
      0000B9 81                     233 	.db #0x81	; 129
      0000BA 01                     234 	.db #0x01	; 1
      0000BB 01                     235 	.db #0x01	; 1
      0000BC 01                     236 	.db #0x01	; 1
      0000BD 01                     237 	.db #0x01	; 1
      0000BE FF                     238 	.db #0xff	; 255
      0000BF FF                     239 	.db #0xff	; 255
      0000C0 FF                     240 	.db #0xff	; 255
      0000C1 FF                     241 	.db #0xff	; 255
      0000C2 FF                     242 	.db #0xff	; 255
      0000C3 80                     243 	.db #0x80	; 128
      0000C4 FF                     244 	.db #0xff	; 255
      0000C5 80                     245 	.db #0x80	; 128
      0000C6 FF                     246 	.db #0xff	; 255
      0000C7 81                     247 	.db #0x81	; 129
      0000C8 FF                     248 	.db #0xff	; 255
      0000C9 81                     249 	.db #0x81	; 129
      0000CA FF                     250 	.db #0xff	; 255
      0000CB 81                     251 	.db #0x81	; 129
      0000CC FF                     252 	.db #0xff	; 255
      0000CD 81                     253 	.db #0x81	; 129
      0000CE FF                     254 	.db #0xff	; 255
      0000CF 81                     255 	.db #0x81	; 129
      0000D0 FF                     256 	.db #0xff	; 255
      0000D1 81                     257 	.db #0x81	; 129
      0000D2 FF                     258 	.db #0xff	; 255
      0000D3 8F                     259 	.db #0x8f	; 143
      0000D4 FF                     260 	.db #0xff	; 255
      0000D5 87                     261 	.db #0x87	; 135
      0000D6 FF                     262 	.db #0xff	; 255
      0000D7 83                     263 	.db #0x83	; 131
      0000D8 FF                     264 	.db #0xff	; 255
      0000D9 81                     265 	.db #0x81	; 129
      0000DA FF                     266 	.db #0xff	; 255
      0000DB 80                     267 	.db #0x80	; 128
      0000DC FF                     268 	.db #0xff	; 255
      0000DD 80                     269 	.db #0x80	; 128
      0000DE FF                     270 	.db #0xff	; 255
      0000DF FF                     271 	.db #0xff	; 255
      0000E0 FF                     272 	.db #0xff	; 255
      0000E1 FF                     273 	.db #0xff	; 255
      0000E2 FF                     274 	.db #0xff	; 255
      0000E3 01                     275 	.db #0x01	; 1
      0000E4 FF                     276 	.db #0xff	; 255
      0000E5 01                     277 	.db #0x01	; 1
      0000E6 FF                     278 	.db #0xff	; 255
      0000E7 81                     279 	.db #0x81	; 129
      0000E8 FF                     280 	.db #0xff	; 255
      0000E9 81                     281 	.db #0x81	; 129
      0000EA FF                     282 	.db #0xff	; 255
      0000EB 81                     283 	.db #0x81	; 129
      0000EC FF                     284 	.db #0xff	; 255
      0000ED 81                     285 	.db #0x81	; 129
      0000EE FF                     286 	.db #0xff	; 255
      0000EF 81                     287 	.db #0x81	; 129
      0000F0 FF                     288 	.db #0xff	; 255
      0000F1 81                     289 	.db #0x81	; 129
      0000F2 FF                     290 	.db #0xff	; 255
      0000F3 F1                     291 	.db #0xf1	; 241
      0000F4 FF                     292 	.db #0xff	; 255
      0000F5 E1                     293 	.db #0xe1	; 225
      0000F6 FF                     294 	.db #0xff	; 255
      0000F7 C1                     295 	.db #0xc1	; 193
      0000F8 FF                     296 	.db #0xff	; 255
      0000F9 81                     297 	.db #0x81	; 129
      0000FA FF                     298 	.db #0xff	; 255
      0000FB 01                     299 	.db #0x01	; 1
      0000FC FF                     300 	.db #0xff	; 255
      0000FD 01                     301 	.db #0x01	; 1
      0000FE FF                     302 	.db #0xff	; 255
      0000FF FF                     303 	.db #0xff	; 255
                                    304 	.area _CABS (ABS)
